<?xml version="1.0" encoding="UTF-8"?>
<testng-results ignored="0" total="1" passed="1" failed="0" skipped="0">
  <reporter-output>
  </reporter-output>
  <suite started-at="2020-06-25T13:31:37Z" name="Default suite" finished-at="2020-06-25T13:31:51Z" duration-ms="14102">
    <groups>
    </groups>
    <test started-at="2020-06-25T13:31:37Z" name="Default test" finished-at="2020-06-25T13:31:51Z" duration-ms="14102">
      <class name="recordingTest.RecorderTest">
        <test-method is-config="true" signature="setup()[pri:0, instance:recordingTest.RecorderTest@2118cddf]" started-at="2020-06-25T13:31:37Z" name="setup" finished-at="2020-06-25T13:31:43Z" duration-ms="5648" status="PASS">
          <reporter-output>
          </reporter-output>
        </test-method> <!-- setup -->
        <test-method signature="verifyLinks()[pri:0, instance:recordingTest.RecorderTest@2118cddf]" started-at="2020-06-25T13:31:43Z" name="verifyLinks" finished-at="2020-06-25T13:31:51Z" duration-ms="8286" status="PASS">
          <reporter-output>
          </reporter-output>
        </test-method> <!-- verifyLinks -->
        <test-method is-config="true" signature="tearDown()[pri:0, instance:recordingTest.RecorderTest@2118cddf]" started-at="2020-06-25T13:31:51Z" name="tearDown" finished-at="2020-06-25T13:31:51Z" duration-ms="134" status="PASS">
          <reporter-output>
          </reporter-output>
        </test-method> <!-- tearDown -->
      </class> <!-- recordingTest.RecorderTest -->
    </test> <!-- Default test -->
  </suite> <!-- Default suite -->
</testng-results>
